2017-06-26 21:39:26 - MOD: Modification Default

FILE: system/engine/action.php
REGEX: ~(require|include)(_once)?\(([^)]+)~
LINE: 41

FILE: system/engine/loader.php
REGEX: ~(require|include)(_once)?\(([^)]+)~
LINE: 49
LINE: 108
LINE: 120
LINE: 165

FILE: system/library/config.php
REGEX: ~(require|include)(_once)?\(([^)]+)~
LINE: 23

FILE: system/library/language.php
REGEX: ~(require|include)(_once)?\(([^)]+)~
LINE: 35
LINE: 41

FILE: system/library/template/php.php
REGEX: ~(require|include)(_once)?\(([^)]+)~
LINE: 18

FILE: system/library/template/tiwg.php
REGEX: ~(require|include)(_once)?\(([^)]+)~
LINE: 24
----------------------------------------------------------------
MOD: Local copy OCMOD by iSenseLabs

FILE: admin/controller/extension/installer.php
CODE: 'url'  => str_replace('&amp;', '&', $this->url->link('extension/installer/ftp', 'token=' . $this->session->data['token'],
LINE: 131
CODE: public function unzip() {
LINE: 292
----------------------------------------------------------------
2017-06-26 21:57:11 - MOD: Modification Default

FILE: system/engine/action.php
REGEX: ~(require|include)(_once)?\(([^)]+)~
LINE: 41

FILE: system/engine/loader.php
REGEX: ~(require|include)(_once)?\(([^)]+)~
LINE: 49
LINE: 108
LINE: 120
LINE: 165

FILE: system/library/config.php
REGEX: ~(require|include)(_once)?\(([^)]+)~
LINE: 23

FILE: system/library/language.php
REGEX: ~(require|include)(_once)?\(([^)]+)~
LINE: 35
LINE: 41

FILE: system/library/template/php.php
REGEX: ~(require|include)(_once)?\(([^)]+)~
LINE: 18

FILE: system/library/template/tiwg.php
REGEX: ~(require|include)(_once)?\(([^)]+)~
LINE: 24
----------------------------------------------------------------
MOD: <font color="#263238"><b>Materialize Theme — english settings</b></font>

FILE: catalog/language/en-gb/common/header.php
CODE: <?php
LINE: 5

FILE: catalog/language/en-gb/common/footer.php
CODE: <?php
LINE: 5

FILE: catalog/language/en-gb/common/cart.php
CODE: <?php
LINE: 2

FILE: catalog/language/en-gb/product/search.php
CODE: <?php
LINE: 7

FILE: catalog/language/en-gb/product/category.php
CODE: <?php
LINE: 5

FILE: catalog/language/en-gb/product/product.php
CODE: <?php
LINE: 6

FILE: catalog/language/en-gb/product/manufacturer.php
CODE: <?php
LINE: 5

FILE: catalog/language/en-gb/product/special.php
CODE: <?php
LINE: 3

FILE: catalog/language/en-gb/extension/module/latest.php
CODE: <?php
LINE: 2

FILE: catalog/language/en-gb/extension/module/bestseller.php
CODE: <?php
LINE: 2

FILE: catalog/language/en-gb/extension/module/featured.php
CODE: <?php
LINE: 2

FILE: catalog/language/en-gb/extension/module/special.php
CODE: <?php
LINE: 2
CODE: $_['text_items']     = '%s item(s) - %s';
LINE: 4

FILE: catalog/language/en-gb/checkout/cart.php
CODE: $_['text_items']               = '%s item(s) - %s';
LINE: 8

FILE: catalog/language/en-gb/product/compare.php
CODE: $_['text_compare']      = 'Product Compare (%s)';
LINE: 18
CODE: <?php
LINE: 1
CODE: <?php
LINE: 1
CODE: <?php
LINE: 1

FILE: admin/language/en-gb/catalog/product.php
CODE: <?php
LINE: 1
CODE: <?php
LINE: 4
----------------------------------------------------------------
MOD: <font color="#263238"><b>Materialize Theme</b></font>

FILE: system/library/document.php
CODE: public function addLink($href, $rel) {
LINE: 33
CODE: 'rel'  => $rel
LINE: 36

FILE: catalog/controller/common/header.php
CODE: $this->document->addLink($server . 'image/' . $this->config->get('config_icon'), 'icon');
LINE: 23

FILE: catalog/controller/product/category.php
CODE: $data['categories'][] = array(
LINE: 160
CODE: public function index() {
LINE: 7

FILE: catalog/controller/common/footer.php
CODE: $data['contact'] = $this->url->link('information/contact');
LINE: 36

FILE: catalog/controller/product/product.php
CODE: $data['points'] = $product_info['points'];
LINE: 271
CODE: $this->load->language('product/product');
LINE: 6
LINE: 561
LINE: 603
LINE: 644
CODE: $data['points'] = $product_info['points'];
LINE: 272
CODE: $data['rating'] = (int)$product_info['rating'];
LINE: 395
CODE: $data['logo'] = $server . 'image/' . $this->config->get('config_logo');
LINE: 70
CODE: $data['text_all'] = $this->language->get('text_all');
LINE: 105
CODE: $data['name'] = $this->config->get('config_name');
LINE: 66
CODE: $data['text_newsletter'] = $this->language->get('text_newsletter');
LINE: 25
CODE: $data['powered'] = sprintf($this->language->get('text_powered'), $this->config->get('config_name'), date('Y', time()));
LINE: 54

FILE: catalog/controller/common/cart.php
CODE: $data['text_loading'] = $this->language->get('text_loading');
LINE: 56

FILE: catalog/controller/product/search.php
CODE: $data['text_limit'] = $this->language->get('text_limit');
LINE: 151
CODE: $data['text_limit'] = $this->language->get('text_limit');
LINE: 113
CODE: $data['text_loading'] = $this->language->get('text_loading');
LINE: 252

FILE: catalog/controller/product/manufacturer.php
CODE: $data['text_empty'] = $this->language->get('text_empty');
LINE: 19
LINE: 154

FILE: catalog/controller/product/special.php
CODE: $data['text_limit'] = $this->language->get('text_limit');
LINE: 79

FILE: catalog/controller/extension/module/latest.php
CODE: $data['text_tax'] = $this->language->get('text_tax');
LINE: 9

FILE: catalog/controller/extension/module/bestseller.php
CODE: $data['text_tax'] = $this->language->get('text_tax');
LINE: 9

FILE: catalog/controller/extension/module/featured.php
CODE: $data['text_tax'] = $this->language->get('text_tax');
LINE: 9

FILE: catalog/controller/extension/module/special.php
CODE: $data['text_tax'] = $this->language->get('text_tax');
LINE: 9
CODE: public function index() {
LINE: 3
CODE: public function index() {
LINE: 3

FILE: catalog/controller/product/compare.php
CODE: public function index() {
LINE: 3
CODE: public function index() {
LINE: 3
CODE: public function info() {
LINE: 70
CODE: public function index() {
LINE: 5
CODE: public function review() {
LINE: 570
CODE: public function index() {
LINE: 3
CODE: public function index() {
LINE: 3
CODE: public function index($setting) {
LINE: 3

FILE: catalog/controller/extension/module/carousel.php
CODE: public function index($setting) {
LINE: 3

FILE: catalog/controller/extension/module/banner.php
CODE: public function index($setting) {
LINE: 3
CODE: public function index($setting) {
LINE: 3
CODE: public function index($setting) {
LINE: 3
CODE: public function index($setting) {
LINE: 3

FILE: catalog/controller/checkout/cart.php
CODE: public function index() {
LINE: 3
CODE: $this->document->setDescription($product_info['meta_description']);
LINE: 219

FILE: catalog/model/catalog/product.php
CODE: public function getProducts($data = array()) {
LINE: 66
CODE: $product_info = $this->model_catalog_product->getProduct($product_id);
LINE: 161
LINE: 690
CODE: $data['home'] = $this->url->link('common/home');
LINE: 113
CODE: $sql .= " ORDER BY LCASE(" . $data['sort'] . ")";
LINE: 177
LINE: 229
CODE: $sql .= " ORDER BY (CASE WHEN special IS NOT NULL THEN special WHEN discount IS NOT NULL THEN discount ELSE p.price END)";
LINE: 179
CODE: $sql .= " ORDER BY " . $data['sort'];
LINE: 181
LINE: 231
CODE: $sql .= " ORDER BY p.sort_order";
LINE: 184
LINE: 234
CODE: $data['breadcrumbs'] = array();
LINE: 47
CODE: $data['button_cart'] = $this->language->get('button_cart');
LINE: 122
CODE: $filter,
LINE: 190
CODE: $data['limit'] = $limit;
LINE: 387
CODE: if (!empty($data['filter_name']) || !empty($data['filter_tag'])) {
LINE: 110
LINE: 470

FILE: system/library/image.php
CODE: public function save($file, $quality = 90) {
LINE: 60
CODE: imagejpeg($this->image, $file, $quality);
LINE: 67

FILE: system/library/cart/weight.php
CODE: public function format($value, $weight_class_id, $decimal_point = '.', $thousand_point = ',') {
LINE: 41
CODE: return number_format($value, 2, $decimal_point, $thousand_point) . $this->weights[$weight_class_id]['unit'];
LINE: 43
CODE: return number_format($value, 2, $decimal_point, $thousand_point);
LINE: 45
CODE: $data['text_tags'] = $this->language->get('text_tags');
LINE: 257
CODE: $data['points'] = $product_info['points'];
LINE: 294
CODE: 'name'  => $child['name'] . ($this->config->get('config_product_count') ? ' (' . $this->model_catalog_product->getTotalProducts($filter_data) . ')' : ''),
LINE: 151

FILE: catalog/controller/extension/module/category.php
CODE: 'name' => $child['name'] . ($this->config->get('config_product_count') ? ' (' . $this->model_catalog_product->getTotalProducts($filter_data) . ')' : ''),
LINE: 44
CODE: 'name'        => $category['name'] . ($this->config->get('config_product_count') ? ' (' . $this->model_catalog_product->getTotalProducts($filter_data) . ')' : ''),
LINE: 57

FILE: admin/model/catalog/product.php
CODE: $this->db->query("DELETE FROM " . DB_PREFIX . "product_related WHERE product_id = '" . (int)$related_id . "' AND related_id = '" . (int)$product_id . "'");
LINE: 94
LINE: 240
CODE: $this->db->query("INSERT INTO " . DB_PREFIX . "product_related SET product_id = '" . (int)$related_id . "', related_id = '" . (int)$product_id . "'");
LINE: 95
LINE: 241
CODE: $this->db->query("DELETE FROM " . DB_PREFIX . "product_related WHERE related_id = '" . (int)$product_id . "'");
LINE: 234
LINE: 321

FILE: admin/controller/catalog/product.php
CODE: if (isset($this->request->post['status'])) {
LINE: 942
CODE: $data['entry_status'] = $this->language->get('entry_status');
LINE: 607
CODE: if (isset($data['image'])) {
LINE: 10
LINE: 137

FILE: admin/view/template/catalog/product_form.tpl
CODE: <label class="col-sm-2 control-label" for="input-status"><?php echo $entry_status; ?></label>
LINE: 316
CODE: $data['rating'] = (int)$product_info['rating'];
LINE: 418
CODE: 'product_id'  => $result['product_id'],
LINE: 469
CODE: 'product_id'  => $result['product_id'],
LINE: 223
CODE: 'product_id'  => $result['product_id'],
LINE: 137
CODE: 'product_id'  => $result['product_id'],
LINE: 234
CODE: 'product_id'   => $product_info['product_id'],
LINE: 115
CODE: 'product_id'  => $result['product_id'],
LINE: 65
CODE: 'product_id'  => $result['product_id'],
LINE: 65
CODE: 'product_id'  => $result['product_id'],
LINE: 58
CODE: 'product_id'  => $product_info['product_id'],
LINE: 65

FILE: catalog/controller/account/wishlist.php
CODE: 'product_id' => $product_info['product_id'],
LINE: 104
CODE: 'viewed'           => $query->row['viewed']
LINE: 51
CODE: $special = $this->currency->format($this->tax->calculate($result['special'], $result['tax_class_id'], $this->config->get('config_tax')), $this->session->data['currency']);
LINE: 451
CODE: $special = false;
LINE: 454
CODE: 'special'     => $special,
LINE: 477
CODE: $special = $this->currency->format($this->tax->calculate($result['special'], $result['tax_class_id'], $this->config->get('config_tax')), $this->session->data['currency']);
LINE: 205
CODE: $special = false;
LINE: 208
CODE: 'special'     => $special,
LINE: 231
CODE: $special = $this->currency->format($this->tax->calculate($result['special'], $result['tax_class_id'], $this->config->get('config_tax')), $this->session->data['currency']);
LINE: 238
CODE: $special = false;
LINE: 241
CODE: 'special'     => $special,
LINE: 263
CODE: $special = $this->currency->format($this->tax->calculate($product_info['special'], $product_info['tax_class_id'], $this->config->get('config_tax')), $this->session->data['currency']);
LINE: 47
CODE: $special = false;
LINE: 50
CODE: 'special'     => $special,
LINE: 73
CODE: $special = $this->currency->format($this->tax->calculate($result['special'], $result['tax_class_id'], $this->config->get('config_tax')), $this->session->data['currency']);
LINE: 40
CODE: $special = false;
LINE: 43
CODE: 'special'     => $special,
LINE: 66
CODE: $special = $this->currency->format($this->tax->calculate($result['special'], $result['tax_class_id'], $this->config->get('config_tax')), $this->session->data['currency']);
LINE: 47
CODE: $special = false;
LINE: 50
CODE: 'special'     => $special,
LINE: 73
CODE: $special = $this->currency->format($this->tax->calculate($result['special'], $result['tax_class_id'], $this->config->get('config_tax')), $this->session->data['currency']);
LINE: 47
CODE: $special = false;
LINE: 50
CODE: 'special'     => $special,
LINE: 73
CODE: $special = $this->currency->format($this->tax->calculate($result['special'], $result['tax_class_id'], $this->config->get('config_tax')), $this->session->data['currency']);
LINE: 216
CODE: $special = false;
LINE: 219
CODE: 'special'     => $special,
LINE: 242
CODE: $special = $this->currency->format($this->tax->calculate($result['special'], $result['tax_class_id'], $this->config->get('config_tax')), $this->session->data['currency']);
LINE: 119
CODE: $special = false;
LINE: 122
CODE: 'special'     => $special,
LINE: 145
CODE: $data['special'] = $this->currency->format($this->tax->calculate($product_info['special'], $product_info['tax_class_id'], $this->config->get('config_tax')), $this->session->data['currency']);
LINE: 340
CODE: $data['special'] = false;
LINE: 343
CODE: $this->load->model('tool/image');
LINE: 316
CODE: 'href' => $this->url->link('product/manufacturer/info', 'manufacturer_id=' . $result['manufacturer_id'])
LINE: 56
CODE: 'viewed'           => $query->row['viewed'],
LINE: 54
CODE: $data['points'] = $product_info['points'];
LINE: 296
CODE: $data['stock'] = $product_info['quantity'];
LINE: 309
CODE: $data['stock'] = $this->language->get('text_instock');
LINE: 315
CODE: $data['stock'] = $product_info['stock_status'];
LINE: 321
CODE: $data['popup'] = $this->model_tool_image->resize($product_info['image'], $this->config->get($this->config->get('config_theme') . '_image_popup_width'), $this->config->get($this->config->get('config_theme') . '_image_popup_height'));
LINE: 351
CODE: $data['thumb'] = $this->model_tool_image->resize($product_info['image'], $this->config->get($this->config->get('config_theme') . '_image_thumb_width'), $this->config->get($this->config->get('config_theme') . '_image_thumb_height'));
LINE: 360
CODE: $data['images'] = array();
LINE: 373
CODE: 'popup' => $this->model_tool_image->resize($result['image'], $this->config->get($this->config->get('config_theme') . '_image_popup_width'), $this->config->get($this->config->get('config_theme') . '_image_popup_height')),
LINE: 382
CODE: $data['images'] = array();
LINE: 381
CODE: if (isset($this->request->post['image'])) {
LINE: 1217
CODE: $product_id = $this->db->getLastId();
LINE: 16
CODE: date_modified = NOW() WHERE product_id = '" . (int)$product_id . "'");
LINE: 156
CODE: public function getProductImages($product_id) {
LINE: 582
CODE: public function getProductImages($product_id) {
LINE: 401
CODE: <li><a href="#tab-design" data-toggle="tab"><?php echo $tab_design; ?></a></li>
LINE: 39
CODE: <div class="tab-pane" id="tab-design">
LINE: 957
CODE: <?php echo $footer; ?>
LINE: 1558
CODE: public function autocomplete()
LINE: 1415
CODE: $data['action']
LINE: 736
CODE: $data['action']
LINE: 739
CODE: catalog/product_form
LINE: 1349
CODE: <div class="panel panel-default">
LINE: 21
CODE: <ul class="nav nav-tabs">
LINE: 31
CODE: <div class="pull-right">
LINE: 5
CODE: <?php echo $footer; ?>
LINE: 1580

FILE: admin/controller/catalog/category.php
CODE: public function autocomplete()
LINE: 624
CODE: $data['action']
LINE: 391
CODE: $data['action']
LINE: 394
CODE: catalog/category_form
LINE: 550

FILE: admin/view/template/catalog/category_form.tpl
CODE: <div class="panel panel-default">
LINE: 21
CODE: <ul class="nav nav-tabs">
LINE: 31
CODE: <div class="pull-right">
LINE: 5
CODE: <?php echo $footer; ?>
LINE: 324
----------------------------------------------------------------
MOD: Local copy OCMOD by iSenseLabs

FILE: admin/controller/extension/installer.php
CODE: 'url'  => str_replace('&amp;', '&', $this->url->link('extension/installer/ftp', 'token=' . $this->session->data['token'],
LINE: 131
CODE: public function unzip() {
LINE: 292
----------------------------------------------------------------
